<?xml version="1.0" encoding="UTF-8"?>
<testsuite name="GameTest" tests="1" skipped="0" failures="0" errors="0" timestamp="2022-12-28T10:55:49" hostname="MASTUDENT-Daniel-Macleod-R117V327VK.local" time="0.083">
  <properties/>
  <testcase name="testGetsInitialRemainingAttempts()" classname="GameTest" time="0.083"/>
  <system-out><![CDATA[Empty Game Constructor
]]></system-out>
  <system-err><![CDATA[]]></system-err>
</testsuite>
