<?xml version="1.0" encoding="UTF-8"?>
<testsuite name="GameTest" tests="1" skipped="0" failures="0" errors="0" timestamp="2022-12-28T16:47:23" hostname="UNKNOWN" time="0.188">
  <properties/>
  <testcase name="testGuessLetterWrong()" classname="GameTest" time="0.188"/>
  <system-out><![CDATA[Unlucky!
]]></system-out>
  <system-err><![CDATA[]]></system-err>
</testsuite>
